This is pdfTeX, Version 3.14159265-2.6-1.40.19 (MiKTeX 2.9.6840) (preloaded format=pdflatex 2018.11.30)  2 JAN 2020 12:37
entering extended mode
**./WriteUp.tex
(WriteUp.tex
LaTeX2e <2018-04-01> patch level 5

("/Users/cory/Library/Application Support/MiKTeX/texmfs/install/tex/latex/revte
x4/revtex4.cls"
Document Class: revtex4 2001/08/03 v4.0 (http://publish.aps.org/revtex4/ for do
cumentation)
 Copyright (c) 2001 The American Physical Society.
 mailto:revtex@aps.org
 Licensed under the LPPL:
http://www.ctan.org/tex-archive/macros/latex/base/lppl.txt
 Arthur Ogawa <ogawa@teleport.com>
 Based on work by David Carlisle <david@dcarlisle.demon.co.uk>.
ltxutil: portions licensed from W. E. Baxter (web@superscript.com)
Class revtex4 Info: Repairing broken LateX \@sect on input line 596.
\intertabularlinepenalty=\count80
\@tbpen=\count81
\@arstrutbox@hline=\box26
Class revtex4 Info: Repairing broken LaTeX \@xbitor on input line 1610.
ltxgrid: portions licensed from W. E. Baxter (web@superscript.com)
\c@linecount=\count82
\output=\toks14
\@protection@box=\box27
\@topmark@saved=\toks15
\footins@saved=\box28
\pagesofar=\box29
\footbox=\box30
\pagegrid@col=\count83
Class revtex4 Info: Incorporating package {textcase}  [1998/11/12 v0.06 Text on
ly upper/lower case changing (DPC)]. on input line 3682.

("/Users/cory/Library/Application Support/MiKTeX/texmfs/install/tex/latex/url/u
rl.sty"
\Urlmuskip=\muskip10
Package: url 2013/09/16  ver 3.4  Verb mode for urls, etc.
)
\c@affil=\count84
\absbox=\box31
\c@part=\count85
\c@section=\count86
\c@subsection=\count87
\c@subsubsection=\count88
\c@paragraph=\count89
\c@subparagraph=\count90
\abovecaptionskip=\skip41
\belowcaptionskip=\skip42
\c@figure=\count91
\c@table=\count92

("/Users/cory/Library/Application Support/MiKTeX/texmfs/install/tex/latex/natbi
b/natbib.sty"
Package: natbib 2010/09/13 8.31b (PWD, AO)
\bibhang=\skip43
\bibsep=\skip44
LaTeX Info: Redefining \cite on input line 694.
\c@NAT@ctr=\count93
)
\widetext@top=\box32
\widetext@bot=\box33

("/Users/cory/Library/Application Support/MiKTeX/texmfs/install/tex/latex/revte
x4/revsymb.sty"
Package: revsymb 2001/08/03 v4.0 (http://publish.aps.org/revtex4/ for documenta
tion)
LaTeX Info: Redefining \REV@mathfrak on input line 118.
))
("/Users/cory/Library/Application Support/MiKTeX/texmfs/install/tex/latex/revte
x4/aps.rtx"
File: aps.rtx 2001/08/03 v4.0 (http://publish.aps.org/revtex4/ for documentatio
n)
)
("/Users/cory/Library/Application Support/MiKTeX/texmfs/install/tex/latex/revte
x4/10pt.rtx"
File: 10pt.rtx 2001/08/03 v4.0 (http://publish.aps.org/revtex4/ for documentati
on)
)
("/Users/cory/Library/Application Support/MiKTeX/texmfs/install/tex/latex/amsfo
nts/amsfonts.sty"
Package: amsfonts 2013/01/14 v3.01 Basic AMSFonts support
\@emptytoks=\toks16
\symAMSa=\mathgroup4
\symAMSb=\mathgroup5
LaTeX Font Info:    Overwriting math alphabet `\mathfrak' in version `bold'
(Font)                  U/euf/m/n --> U/euf/b/n on input line 106.
LaTeX Info: Redefining \frak on input line 111.
LaTeX Info: Redefining \Bbb on input line 113.
)
("/Users/cory/Library/Application Support/MiKTeX/texmfs/install/tex/latex/amsfo
nts/amssymb.sty"
Package: amssymb 2013/01/14 v3.01 AMS font symbols
)
("/Users/cory/Library/Application Support/MiKTeX/texmfs/install/tex/latex/base/
latexsym.sty"
Package: latexsym 1998/08/17 v2.2e Standard LaTeX package (lasy symbols)
\symlasy=\mathgroup6
LaTeX Font Info:    Overwriting symbol font `lasy' in version `bold'
(Font)                  U/lasy/m/n --> U/lasy/b/n on input line 52.
)
("/Users/cory/Library/Application Support/MiKTeX/texmfs/install/tex/latex/amsma
th/amsmath.sty"
Package: amsmath 2017/09/02 v2.17a AMS math features
\@mathmargin=\skip45

For additional information on amsmath, use the `?' option.

("/Users/cory/Library/Application Support/MiKTeX/texmfs/install/tex/latex/amsma
th/amstext.sty"
Package: amstext 2000/06/29 v2.01 AMS text

("/Users/cory/Library/Application Support/MiKTeX/texmfs/install/tex/latex/amsma
th/amsgen.sty"
File: amsgen.sty 1999/11/30 v2.0 generic functions
\@emptytoks=\toks17
\ex@=\dimen102
))
("/Users/cory/Library/Application Support/MiKTeX/texmfs/install/tex/latex/amsma
th/amsbsy.sty"
Package: amsbsy 1999/11/29 v1.2d Bold Symbols
\pmbraise@=\dimen103
)
("/Users/cory/Library/Application Support/MiKTeX/texmfs/install/tex/latex/amsma
th/amsopn.sty"
Package: amsopn 2016/03/08 v2.02 operator names
)
\inf@bad=\count94
LaTeX Info: Redefining \frac on input line 213.
\uproot@=\count95
\leftroot@=\count96
LaTeX Info: Redefining \overline on input line 375.
\classnum@=\count97
\DOTSCASE@=\count98
LaTeX Info: Redefining \ldots on input line 472.
LaTeX Info: Redefining \dots on input line 475.
LaTeX Info: Redefining \cdots on input line 596.
\Mathstrutbox@=\box34
\strutbox@=\box35
\big@size=\dimen104
LaTeX Font Info:    Redeclaring font encoding OML on input line 712.
LaTeX Font Info:    Redeclaring font encoding OMS on input line 713.
\macc@depth=\count99
\c@MaxMatrixCols=\count100
\dotsspace@=\muskip11
\c@parentequation=\count101
\dspbrk@lvl=\count102
\tag@help=\toks18
\row@=\count103
\column@=\count104
\maxfields@=\count105
\andhelp@=\toks19
\eqnshift@=\dimen105
\alignsep@=\dimen106
\tagshift@=\dimen107
\tagwidth@=\dimen108
\totwidth@=\dimen109
\lineht@=\dimen110
\@envbody=\toks20
\multlinegap=\skip46
\multlinetaggap=\skip47
\mathdisplay@stack=\toks21
LaTeX Info: Redefining \[ on input line 2817.
LaTeX Info: Redefining \] on input line 2818.
)
("/Users/cory/Library/Application Support/MiKTeX/texmfs/install/tex/latex/psnfs
s/times.sty"
Package: times 2005/04/12 PSNFSS-v9.2a (SPQR) 
)
("/Users/cory/Library/Application Support/MiKTeX/texmfs/install/tex/latex/subfi
g/subfig.sty"
Package: subfig 2005/06/28 ver: 1.3 subfig package

("/Users/cory/Library/Application Support/MiKTeX/texmfs/install/tex/latex/graph
ics/keyval.sty"
Package: keyval 2014/10/28 v1.15 key=value parser (DPC)
\KV@toks@=\toks22
)
("/Users/cory/Library/Application Support/MiKTeX/texmfs/install/tex/latex/capti
on/caption3.sty"
Package: caption3 2018/09/12 v1.8c caption3 kernel (AR)
Package caption3 Info: TeX engine: e-TeX on input line 64.
\captionmargin=\dimen111
\captionmargin@=\dimen112
\captionwidth=\dimen113
\caption@tempdima=\dimen114
\caption@indent=\dimen115
\caption@parindent=\dimen116
\caption@hangindent=\dimen117
Package caption Info: Unknown document class (or package),
(caption)             standard defaults will be used.
)
\c@KVtest=\count106
\sf@farskip=\skip48
\sf@captopadj=\dimen118
\sf@capskip=\skip49
\sf@nearskip=\skip50
\c@subfigure=\count107
\c@subfigure@save=\count108
\c@lofdepth=\count109
\c@subtable=\count110
\c@subtable@save=\count111
\c@lotdepth=\count112
\sf@top=\skip51
\sf@bottom=\skip52
)
("/Users/cory/Library/Application Support/MiKTeX/texmfs/install/tex/latex/graph
ics/color.sty"
Package: color 2016/07/10 v1.1e Standard LaTeX Color (DPC)

("/Users/cory/Library/Application Support/MiKTeX/texmfs/install/tex/latex/graph
ics-cfg/color.cfg"
File: color.cfg 2016/01/02 v1.6 sample color configuration
)
Package color Info: Driver file: pdftex.def on input line 147.

("/Users/cory/Library/Application Support/MiKTeX/texmfs/install/tex/latex/graph
ics-def/pdftex.def"
File: pdftex.def 2018/01/08 v1.0l Graphics/color driver for pdftex
))
("/Users/cory/Library/Application Support/MiKTeX/texmfs/install/tex/latex/graph
ics/graphicx.sty"
Package: graphicx 2017/06/01 v1.1a Enhanced LaTeX Graphics (DPC,SPQR)

("/Users/cory/Library/Application Support/MiKTeX/texmfs/install/tex/latex/graph
ics/graphics.sty"
Package: graphics 2017/06/25 v1.2c Standard LaTeX Graphics (DPC,SPQR)

("/Users/cory/Library/Application Support/MiKTeX/texmfs/install/tex/latex/graph
ics/trig.sty"
Package: trig 2016/01/03 v1.10 sin cos tan (DPC)
)
("/Users/cory/Library/Application Support/MiKTeX/texmfs/install/tex/latex/graph
ics-cfg/graphics.cfg"
File: graphics.cfg 2016/06/04 v1.11 sample graphics configuration
)
Package graphics Info: Driver file: pdftex.def on input line 99.
)
\Gin@req@height=\dimen119
\Gin@req@width=\dimen120
)
("/Users/cory/Library/Application Support/MiKTeX/texmfs/install/tex/latex/pgf/f
rontendlayer/tikz.sty"
("/Users/cory/Library/Application Support/MiKTeX/texmfs/install/tex/latex/pgf/b
asiclayer/pgf.sty"
("/Users/cory/Library/Application Support/MiKTeX/texmfs/install/tex/latex/pgf/u
tilities/pgfrcs.sty"
("/Users/cory/Library/Application Support/MiKTeX/texmfs/install/tex/generic/pgf
/utilities/pgfutil-common.tex"
\pgfutil@everybye=\toks23
\pgfutil@tempdima=\dimen121
\pgfutil@tempdimb=\dimen122

("/Users/cory/Library/Application Support/MiKTeX/texmfs/install/tex/generic/pgf
/utilities/pgfutil-common-lists.tex"))
("/Users/cory/Library/Application Support/MiKTeX/texmfs/install/tex/generic/pgf
/utilities/pgfutil-latex.def"
\pgfutil@abb=\box36

("/Users/cory/Library/Application Support/MiKTeX/texmfs/install/tex/latex/ms/ev
eryshi.sty"
Package: everyshi 2001/05/15 v3.00 EveryShipout Package (MS)
))
("/Users/cory/Library/Application Support/MiKTeX/texmfs/install/tex/generic/pgf
/utilities/pgfrcs.code.tex"
("/Users/cory/Library/Application Support/MiKTeX/texmfs/install/tex/generic/pgf
/pgf.revision.tex")
Package: pgfrcs 2019/01/05 v3.1 (3.1)
))
Package: pgf 2019/01/05 v3.1 (3.1)

("/Users/cory/Library/Application Support/MiKTeX/texmfs/install/tex/latex/pgf/b
asiclayer/pgfcore.sty"
("/Users/cory/Library/Application Support/MiKTeX/texmfs/install/tex/latex/pgf/s
ystemlayer/pgfsys.sty"
("/Users/cory/Library/Application Support/MiKTeX/texmfs/install/tex/generic/pgf
/systemlayer/pgfsys.code.tex"
Package: pgfsys 2019/01/05 v3.1 (3.1)

("/Users/cory/Library/Application Support/MiKTeX/texmfs/install/tex/generic/pgf
/utilities/pgfkeys.code.tex"
\pgfkeys@pathtoks=\toks24
\pgfkeys@temptoks=\toks25

("/Users/cory/Library/Application Support/MiKTeX/texmfs/install/tex/generic/pgf
/utilities/pgfkeysfiltered.code.tex"
\pgfkeys@tmptoks=\toks26
))
\pgf@x=\dimen123
\pgf@y=\dimen124
\pgf@xa=\dimen125
\pgf@ya=\dimen126
\pgf@xb=\dimen127
\pgf@yb=\dimen128
\pgf@xc=\dimen129
\pgf@yc=\dimen130
\w@pgf@writea=\write3
\r@pgf@reada=\read1
\c@pgf@counta=\count113
\c@pgf@countb=\count114
\c@pgf@countc=\count115
\c@pgf@countd=\count116
\t@pgf@toka=\toks27
\t@pgf@tokb=\toks28
\t@pgf@tokc=\toks29
\pgf@sys@id@count=\count117

("/Users/cory/Library/Application Support/MiKTeX/texmfs/install/tex/generic/pgf
/systemlayer/pgf.cfg"
File: pgf.cfg 2019/01/05 v3.1 (3.1)
)
Driver file for pgf: pgfsys-pdftex.def

("/Users/cory/Library/Application Support/MiKTeX/texmfs/install/tex/generic/pgf
/systemlayer/pgfsys-pdftex.def"
File: pgfsys-pdftex.def 2019/01/05 v3.1 (3.1)

("/Users/cory/Library/Application Support/MiKTeX/texmfs/install/tex/generic/pgf
/systemlayer/pgfsys-common-pdf.def"
File: pgfsys-common-pdf.def 2019/01/05 v3.1 (3.1)
)))
("/Users/cory/Library/Application Support/MiKTeX/texmfs/install/tex/generic/pgf
/systemlayer/pgfsyssoftpath.code.tex"
File: pgfsyssoftpath.code.tex 2019/01/05 v3.1 (3.1)
\pgfsyssoftpath@smallbuffer@items=\count118
\pgfsyssoftpath@bigbuffer@items=\count119
)
("/Users/cory/Library/Application Support/MiKTeX/texmfs/install/tex/generic/pgf
/systemlayer/pgfsysprotocol.code.tex"
File: pgfsysprotocol.code.tex 2019/01/05 v3.1 (3.1)
))
("/Users/cory/Library/Application Support/MiKTeX/texmfs/install/tex/latex/xcolo
r/xcolor.sty"
Package: xcolor 2016/05/11 v2.12 LaTeX color extensions (UK)

("/Users/cory/Library/Application Support/MiKTeX/texmfs/install/tex/latex/graph
ics-cfg/color.cfg"
File: color.cfg 2016/01/02 v1.6 sample color configuration
)
Package xcolor Info: Driver file: pdftex.def on input line 225.
LaTeX Info: Redefining \color on input line 709.
Package xcolor Info: Model `cmy' substituted by `cmy0' on input line 1348.
Package xcolor Info: Model `hsb' substituted by `rgb' on input line 1352.
Package xcolor Info: Model `RGB' extended on input line 1364.
Package xcolor Info: Model `HTML' substituted by `rgb' on input line 1366.
Package xcolor Info: Model `Hsb' substituted by `hsb' on input line 1367.
Package xcolor Info: Model `tHsb' substituted by `hsb' on input line 1368.
Package xcolor Info: Model `HSB' substituted by `hsb' on input line 1369.
Package xcolor Info: Model `Gray' substituted by `gray' on input line 1370.
Package xcolor Info: Model `wave' substituted by `hsb' on input line 1371.
)
("/Users/cory/Library/Application Support/MiKTeX/texmfs/install/tex/generic/pgf
/basiclayer/pgfcore.code.tex"
Package: pgfcore 2019/01/05 v3.1 (3.1)

("/Users/cory/Library/Application Support/MiKTeX/texmfs/install/tex/generic/pgf
/math/pgfmath.code.tex"
("/Users/cory/Library/Application Support/MiKTeX/texmfs/install/tex/generic/pgf
/math/pgfmathcalc.code.tex"
("/Users/cory/Library/Application Support/MiKTeX/texmfs/install/tex/generic/pgf
/math/pgfmathutil.code.tex")
("/Users/cory/Library/Application Support/MiKTeX/texmfs/install/tex/generic/pgf
/math/pgfmathparser.code.tex"
\pgfmath@dimen=\dimen131
\pgfmath@count=\count120
\pgfmath@box=\box37
\pgfmath@toks=\toks30
\pgfmath@stack@operand=\toks31
\pgfmath@stack@operation=\toks32
)
("/Users/cory/Library/Application Support/MiKTeX/texmfs/install/tex/generic/pgf
/math/pgfmathfunctions.code.tex"
("/Users/cory/Library/Application Support/MiKTeX/texmfs/install/tex/generic/pgf
/math/pgfmathfunctions.basic.code.tex")
("/Users/cory/Library/Application Support/MiKTeX/texmfs/install/tex/generic/pgf
/math/pgfmathfunctions.trigonometric.code.tex")
("/Users/cory/Library/Application Support/MiKTeX/texmfs/install/tex/generic/pgf
/math/pgfmathfunctions.random.code.tex")
("/Users/cory/Library/Application Support/MiKTeX/texmfs/install/tex/generic/pgf
/math/pgfmathfunctions.comparison.code.tex")
("/Users/cory/Library/Application Support/MiKTeX/texmfs/install/tex/generic/pgf
/math/pgfmathfunctions.base.code.tex")
("/Users/cory/Library/Application Support/MiKTeX/texmfs/install/tex/generic/pgf
/math/pgfmathfunctions.round.code.tex")
("/Users/cory/Library/Application Support/MiKTeX/texmfs/install/tex/generic/pgf
/math/pgfmathfunctions.misc.code.tex")
("/Users/cory/Library/Application Support/MiKTeX/texmfs/install/tex/generic/pgf
/math/pgfmathfunctions.integerarithmetics.code.tex")))
("/Users/cory/Library/Application Support/MiKTeX/texmfs/install/tex/generic/pgf
/math/pgfmathfloat.code.tex"
\c@pgfmathroundto@lastzeros=\count121
))
("/Users/cory/Library/Application Support/MiKTeX/texmfs/install/tex/generic/pgf
/basiclayer/pgfcorepoints.code.tex"
File: pgfcorepoints.code.tex 2019/01/05 v3.1 (3.1)
\pgf@picminx=\dimen132
\pgf@picmaxx=\dimen133
\pgf@picminy=\dimen134
\pgf@picmaxy=\dimen135
\pgf@pathminx=\dimen136
\pgf@pathmaxx=\dimen137
\pgf@pathminy=\dimen138
\pgf@pathmaxy=\dimen139
\pgf@xx=\dimen140
\pgf@xy=\dimen141
\pgf@yx=\dimen142
\pgf@yy=\dimen143
\pgf@zx=\dimen144
\pgf@zy=\dimen145
)
("/Users/cory/Library/Application Support/MiKTeX/texmfs/install/tex/generic/pgf
/basiclayer/pgfcorepathconstruct.code.tex"
File: pgfcorepathconstruct.code.tex 2019/01/05 v3.1 (3.1)
\pgf@path@lastx=\dimen146
\pgf@path@lasty=\dimen147
)
("/Users/cory/Library/Application Support/MiKTeX/texmfs/install/tex/generic/pgf
/basiclayer/pgfcorepathusage.code.tex"
File: pgfcorepathusage.code.tex 2019/01/05 v3.1 (3.1)
\pgf@shorten@end@additional=\dimen148
\pgf@shorten@start@additional=\dimen149
)
("/Users/cory/Library/Application Support/MiKTeX/texmfs/install/tex/generic/pgf
/basiclayer/pgfcorescopes.code.tex"
File: pgfcorescopes.code.tex 2019/01/05 v3.1 (3.1)
\pgfpic=\box38
\pgf@hbox=\box39
\pgf@layerbox@main=\box40
\pgf@picture@serial@count=\count122
)
("/Users/cory/Library/Application Support/MiKTeX/texmfs/install/tex/generic/pgf
/basiclayer/pgfcoregraphicstate.code.tex"
File: pgfcoregraphicstate.code.tex 2019/01/05 v3.1 (3.1)
\pgflinewidth=\dimen150
)
("/Users/cory/Library/Application Support/MiKTeX/texmfs/install/tex/generic/pgf
/basiclayer/pgfcoretransformations.code.tex"
File: pgfcoretransformations.code.tex 2019/01/05 v3.1 (3.1)
\pgf@pt@x=\dimen151
\pgf@pt@y=\dimen152
\pgf@pt@temp=\dimen153
)
("/Users/cory/Library/Application Support/MiKTeX/texmfs/install/tex/generic/pgf
/basiclayer/pgfcorequick.code.tex"
File: pgfcorequick.code.tex 2019/01/05 v3.1 (3.1)
)
("/Users/cory/Library/Application Support/MiKTeX/texmfs/install/tex/generic/pgf
/basiclayer/pgfcoreobjects.code.tex"
File: pgfcoreobjects.code.tex 2019/01/05 v3.1 (3.1)
)
("/Users/cory/Library/Application Support/MiKTeX/texmfs/install/tex/generic/pgf
/basiclayer/pgfcorepathprocessing.code.tex"
File: pgfcorepathprocessing.code.tex 2019/01/05 v3.1 (3.1)
)
("/Users/cory/Library/Application Support/MiKTeX/texmfs/install/tex/generic/pgf
/basiclayer/pgfcorearrows.code.tex"
File: pgfcorearrows.code.tex 2019/01/05 v3.1 (3.1)
\pgfarrowsep=\dimen154
)
("/Users/cory/Library/Application Support/MiKTeX/texmfs/install/tex/generic/pgf
/basiclayer/pgfcoreshade.code.tex"
File: pgfcoreshade.code.tex 2019/01/05 v3.1 (3.1)
\pgf@max=\dimen155
\pgf@sys@shading@range@num=\count123
)
("/Users/cory/Library/Application Support/MiKTeX/texmfs/install/tex/generic/pgf
/basiclayer/pgfcoreimage.code.tex"
File: pgfcoreimage.code.tex 2019/01/05 v3.1 (3.1)

("/Users/cory/Library/Application Support/MiKTeX/texmfs/install/tex/generic/pgf
/basiclayer/pgfcoreexternal.code.tex"
File: pgfcoreexternal.code.tex 2019/01/05 v3.1 (3.1)
\pgfexternal@startupbox=\box41
))
("/Users/cory/Library/Application Support/MiKTeX/texmfs/install/tex/generic/pgf
/basiclayer/pgfcorelayers.code.tex"
File: pgfcorelayers.code.tex 2019/01/05 v3.1 (3.1)
)
("/Users/cory/Library/Application Support/MiKTeX/texmfs/install/tex/generic/pgf
/basiclayer/pgfcoretransparency.code.tex"
File: pgfcoretransparency.code.tex 2019/01/05 v3.1 (3.1)
)
("/Users/cory/Library/Application Support/MiKTeX/texmfs/install/tex/generic/pgf
/basiclayer/pgfcorepatterns.code.tex"
File: pgfcorepatterns.code.tex 2019/01/05 v3.1 (3.1)
)
("/Users/cory/Library/Application Support/MiKTeX/texmfs/install/tex/generic/pgf
/basiclayer/pgfcorerdf.code.tex"
File: pgfcorerdf.code.tex 2019/01/05 v3.1 (3.1)
)))
("/Users/cory/Library/Application Support/MiKTeX/texmfs/install/tex/generic/pgf
/modules/pgfmoduleshapes.code.tex"
File: pgfmoduleshapes.code.tex 2019/01/05 v3.1 (3.1)
\pgfnodeparttextbox=\box42
)
("/Users/cory/Library/Application Support/MiKTeX/texmfs/install/tex/generic/pgf
/modules/pgfmoduleplot.code.tex"
File: pgfmoduleplot.code.tex 2019/01/05 v3.1 (3.1)
)
("/Users/cory/Library/Application Support/MiKTeX/texmfs/install/tex/latex/pgf/c
ompatibility/pgfcomp-version-0-65.sty"
Package: pgfcomp-version-0-65 2019/01/05 v3.1 (3.1)
\pgf@nodesepstart=\dimen156
\pgf@nodesepend=\dimen157
)
("/Users/cory/Library/Application Support/MiKTeX/texmfs/install/tex/latex/pgf/c
ompatibility/pgfcomp-version-1-18.sty"
Package: pgfcomp-version-1-18 2019/01/05 v3.1 (3.1)
))
("/Users/cory/Library/Application Support/MiKTeX/texmfs/install/tex/latex/pgf/u
tilities/pgffor.sty"
("/Users/cory/Library/Application Support/MiKTeX/texmfs/install/tex/latex/pgf/u
tilities/pgfkeys.sty"
("/Users/cory/Library/Application Support/MiKTeX/texmfs/install/tex/generic/pgf
/utilities/pgfkeys.code.tex"))
("/Users/cory/Library/Application Support/MiKTeX/texmfs/install/tex/latex/pgf/m
ath/pgfmath.sty"
("/Users/cory/Library/Application Support/MiKTeX/texmfs/install/tex/generic/pgf
/math/pgfmath.code.tex"))
("/Users/cory/Library/Application Support/MiKTeX/texmfs/install/tex/generic/pgf
/utilities/pgffor.code.tex"
Package: pgffor 2019/01/05 v3.1 (3.1)

("/Users/cory/Library/Application Support/MiKTeX/texmfs/install/tex/generic/pgf
/math/pgfmath.code.tex")
\pgffor@iter=\dimen158
\pgffor@skip=\dimen159
\pgffor@stack=\toks33
\pgffor@toks=\toks34
))
("/Users/cory/Library/Application Support/MiKTeX/texmfs/install/tex/generic/pgf
/frontendlayer/tikz/tikz.code.tex"
Package: tikz 2019/01/05 v3.1 (3.1)

("/Users/cory/Library/Application Support/MiKTeX/texmfs/install/tex/generic/pgf
/libraries/pgflibraryplothandlers.code.tex"
File: pgflibraryplothandlers.code.tex 2019/01/05 v3.1 (3.1)
\pgf@plot@mark@count=\count124
\pgfplotmarksize=\dimen160
)
\tikz@lastx=\dimen161
\tikz@lasty=\dimen162
\tikz@lastxsaved=\dimen163
\tikz@lastysaved=\dimen164
\tikzleveldistance=\dimen165
\tikzsiblingdistance=\dimen166
\tikz@figbox=\box43
\tikz@figbox@bg=\box44
\tikz@tempbox=\box45
\tikz@tempbox@bg=\box46
\tikztreelevel=\count125
\tikznumberofchildren=\count126
\tikznumberofcurrentchild=\count127
\tikz@fig@count=\count128

("/Users/cory/Library/Application Support/MiKTeX/texmfs/install/tex/generic/pgf
/modules/pgfmodulematrix.code.tex"
File: pgfmodulematrix.code.tex 2019/01/05 v3.1 (3.1)
\pgfmatrixcurrentrow=\count129
\pgfmatrixcurrentcolumn=\count130
\pgf@matrix@numberofcolumns=\count131
)
\tikz@expandcount=\count132

("/Users/cory/Library/Application Support/MiKTeX/texmfs/install/tex/generic/pgf
/frontendlayer/tikz/libraries/tikzlibrarytopaths.code.tex"
File: tikzlibrarytopaths.code.tex 2019/01/05 v3.1 (3.1)
)))
("/Users/cory/Library/Application Support/MiKTeX/texmfs/install/tex/latex/fancy
vrb/fancyvrb.sty"
Package: fancyvrb 2019/01/15
 Style option: `fancyvrb' v3.2a <2019/01/15> (tvz)
\FV@CodeLineNo=\count133
\FV@InFile=\read2
\FV@TabBox=\box47
\c@FancyVerbLine=\count134
\FV@StepNumber=\count135
\FV@OutFile=\write4
)
("/Users/cory/Library/Application Support/MiKTeX/texmfs/install/tex/latex/ieeet
rantools/IEEEtrantools.sty"
Package: IEEEtrantools 2015/08/26 V1.5 by Michael Shell

-- See the "IEEEtrantools_doc.txt" manual for usage information.
-- http://www.michaelshell.org/tex/ieeetran/tools/
\@IEEEtrantmpdimenA=\dimen167
\@IEEEtrantmpdimenB=\dimen168
\@IEEEtrantmpdimenC=\dimen169
\@IEEEtrantmpcountA=\count136
\@IEEEtrantmpcountB=\count137
\@IEEEtrantmpcountC=\count138
\@IEEEtrantmptoksA=\toks35
\IEEEnormaljot=\dimen170
\IEEEquantizedlength=\dimen171
\IEEEquantizedlengthdiff=\dimen172
\IEEEquantizedtextheightdiff=\dimen173
\IEEEilabelindentA=\dimen174
\IEEEilabelindentB=\dimen175
\IEEEilabelindent=\dimen176
\IEEEelabelindent=\dimen177
\IEEEdlabelindent=\dimen178
\IEEElabelindent=\dimen179
\IEEEiednormlabelsep=\dimen180
\IEEEiedmathlabelsep=\dimen181
\IEEEiedtopsep=\skip53
\c@IEEEsubequation=\count139
\@IEEEeqnnumcols=\count140
\@IEEEeqncolcnt=\count141
\@IEEEsubeqnnumrollback=\count142
\IEEEPARstartletwidth=\dimen182
) (WriteUp.aux)
\openout1 = `WriteUp.aux'.

LaTeX Font Info:    Checking defaults for OML/cmm/m/it on input line 13.
LaTeX Font Info:    ... okay on input line 13.
LaTeX Font Info:    Checking defaults for T1/cmr/m/n on input line 13.
LaTeX Font Info:    ... okay on input line 13.
LaTeX Font Info:    Checking defaults for OT1/cmr/m/n on input line 13.
LaTeX Font Info:    ... okay on input line 13.
LaTeX Font Info:    Checking defaults for OMS/cmsy/m/n on input line 13.
LaTeX Font Info:    ... okay on input line 13.
LaTeX Font Info:    Checking defaults for OMX/cmex/m/n on input line 13.
LaTeX Font Info:    ... okay on input line 13.
LaTeX Font Info:    Checking defaults for U/cmr/m/n on input line 13.
LaTeX Font Info:    ... okay on input line 13.
LaTeX Font Info:    Try loading font information for OT1+ptm on input line 13.

("/Users/cory/Library/Application Support/MiKTeX/texmfs/install/tex/latex/psnfs
s/ot1ptm.fd"
File: ot1ptm.fd 2001/06/04 font definitions for OT1/ptm.
)
Class revtex4 Info: Patching LaTeX tabular. on input line 13.
Class revtex4 Info: cite was not loaded (OK!) on input line 13.
Class revtex4 Info: multicol was not loaded (OK!) on input line 13.
Package caption Info: Begin \AtBeginDocument code.
Package caption Info: subfig package v1.3 is loaded.
Package caption Info: End \AtBeginDocument code.

("/Users/cory/Library/Application Support/MiKTeX/texmfs/install/tex/context/bas
e/supp-pdf.mkii"
[Loading MPS to PDF converter (version 2006.09.02).]
\scratchcounter=\count143
\scratchdimen=\dimen183
\scratchbox=\box48
\nofMPsegments=\count144
\nofMParguments=\count145
\everyMPshowfont=\toks36
\MPscratchCnt=\count146
\MPscratchDim=\dimen184
\MPnumerator=\count147
\makeMPintoPDFobject=\count148
\everyMPtoPDFconversion=\toks37
)
("/Users/cory/Library/Application Support/MiKTeX/texmfs/install/tex/latex/oberd
iek/epstopdf-base.sty"
Package: epstopdf-base 2016/05/15 v2.6 Base part for package epstopdf

("/Users/cory/Library/Application Support/MiKTeX/texmfs/install/tex/generic/obe
rdiek/infwarerr.sty"
Package: infwarerr 2016/05/16 v1.4 Providing info/warning/error messages (HO)
)
("/Users/cory/Library/Application Support/MiKTeX/texmfs/install/tex/latex/oberd
iek/grfext.sty"
Package: grfext 2016/05/16 v1.2 Manage graphics extensions (HO)

("/Users/cory/Library/Application Support/MiKTeX/texmfs/install/tex/generic/obe
rdiek/kvdefinekeys.sty"
Package: kvdefinekeys 2016/05/16 v1.4 Define keys (HO)

("/Users/cory/Library/Application Support/MiKTeX/texmfs/install/tex/generic/obe
rdiek/ltxcmds.sty"
Package: ltxcmds 2016/05/16 v1.23 LaTeX kernel commands for general use (HO)
)))
("/Users/cory/Library/Application Support/MiKTeX/texmfs/install/tex/latex/oberd
iek/kvoptions.sty"
Package: kvoptions 2016/05/16 v3.12 Key value format for package options (HO)

("/Users/cory/Library/Application Support/MiKTeX/texmfs/install/tex/generic/obe
rdiek/kvsetkeys.sty"
Package: kvsetkeys 2016/05/16 v1.17 Key value parser (HO)

("/Users/cory/Library/Application Support/MiKTeX/texmfs/install/tex/generic/obe
rdiek/etexcmds.sty"
Package: etexcmds 2016/05/16 v1.6 Avoid name clashes with e-TeX commands (HO)

("/Users/cory/Library/Application Support/MiKTeX/texmfs/install/tex/generic/obe
rdiek/ifluatex.sty"
Package: ifluatex 2016/05/16 v1.4 Provides the ifluatex switch (HO)
Package ifluatex Info: LuaTeX not detected.
)
Package etexcmds Info: Could not find \expanded.
(etexcmds)             That can mean that you are not using pdfTeX 1.50 or
(etexcmds)             that some package has redefined \expanded.
(etexcmds)             In the latter case, load this package earlier.
)))
("/Users/cory/Library/Application Support/MiKTeX/texmfs/install/tex/generic/obe
rdiek/pdftexcmds.sty"
Package: pdftexcmds 2018/09/10 v0.29 Utility functions of pdfTeX for LuaTeX (HO
)

("/Users/cory/Library/Application Support/MiKTeX/texmfs/install/tex/generic/obe
rdiek/ifpdf.sty"
Package: ifpdf 2018/09/07 v3.3 Provides the ifpdf switch
)
Package pdftexcmds Info: LuaTeX not detected.
Package pdftexcmds Info: \pdf@primitive is available.
Package pdftexcmds Info: \pdf@ifprimitive is available.
Package pdftexcmds Info: \pdfdraftmode found.
)
Package epstopdf-base Info: Redefining graphics rule for `.eps' on input line 4
38.
Package grfext Info: Graphics extension search list:
(grfext)             [.pdf,.png,.jpg,.mps,.jpeg,.jbig2,.jb2,.PDF,.PNG,.JPG,.JPE
G,.JBIG2,.JB2,.eps]
(grfext)             \AppendGraphicsExtensions on input line 456.
) ABD: EveryShipout initializing macros
LaTeX Font Info:    Font shape `OT1/ptm/bx/n' in size <12> not available
(Font)              Font shape `OT1/ptm/b/n' tried instead on input line 18.
LaTeX Font Info:    Font shape `OT1/ptm/bx/n' in size <9> not available
(Font)              Font shape `OT1/ptm/b/n' tried instead on input line 22.
LaTeX Font Info:    Try loading font information for U+msa on input line 24.

("/Users/cory/Library/Application Support/MiKTeX/texmfs/install/tex/latex/amsfo
nts/umsa.fd"
File: umsa.fd 2013/01/14 v3.01 AMS symbols A
)
LaTeX Font Info:    Try loading font information for U+msb on input line 24.

("/Users/cory/Library/Application Support/MiKTeX/texmfs/install/tex/latex/amsfo
nts/umsb.fd"
File: umsb.fd 2013/01/14 v3.01 AMS symbols B
)
LaTeX Font Info:    Try loading font information for U+lasy on input line 24.

("/Users/cory/Library/Application Support/MiKTeX/texmfs/install/tex/latex/base/
ulasy.fd"
File: ulasy.fd 1998/08/17 v2.2e LaTeX symbol font definitions
)
Underfull \hbox (badness 10000) in paragraph at lines 34--36

 []


Underfull \hbox (badness 10000) in paragraph at lines 47--48

 []


Underfull \hbox (badness 10000) in paragraph at lines 54--56

 []

[1{/Users/cory/Library/Application Support/MiKTeX/texmfs/data/pdftex/config/pdf
tex.map}]
Underfull \hbox (badness 10000) in paragraph at lines 65--67

 []


Underfull \hbox (badness 10000) in paragraph at lines 101--103

 []

[2]
Underfull \hbox (badness 10000) in paragraph at lines 135--137

 []

[3]
Underfull \hbox (badness 10000) in paragraph at lines 150--152

 []


Underfull \hbox (badness 10000) in paragraph at lines 178--180

 []

[4]
Underfull \hbox (badness 10000) in paragraph at lines 195--197

 []


Underfull \hbox (badness 10000) in paragraph at lines 198--199

 []

[5]
Underfull \hbox (badness 10000) in paragraph at lines 253--255

 []

[6]
Underfull \hbox (badness 10000) in paragraph at lines 289--291

 []


Underfull \hbox (badness 10000) in paragraph at lines 298--300

 []


Underfull \hbox (badness 10000) in paragraph at lines 308--310

 []

[7] (WriteUp.aux) ) 
Here is how much of TeX's memory you used:
 15559 strings out of 494889
 302802 string characters out of 3177016
 355073 words of memory out of 3000000
 18899 multiletter control sequences out of 15000+200000
 15284 words of font info for 38 fonts, out of 3000000 for 9000
 0 hyphenation exceptions out of 8191
 55i,9n,48p,419b,227s stack positions out of 5000i,500n,10000p,200000b,50000s
{/Users/cory/Library/Application Support/MiKTeX/texmfs/insta
ll/fonts/enc/dvips/base/8r.enc}</Users/cory/Library/Application Support/MiKTeX/
texmfs/install/fonts/type1/public/amsfonts/cm/cmex10.pfb></Users/cory/Library/A
pplication Support/MiKTeX/texmfs/install/fonts/type1/public/amsfonts/cm/cmmi10.
pfb></Users/cory/Library/Application Support/MiKTeX/texmfs/install/fonts/type1/
public/amsfonts/cm/cmmi5.pfb></Users/cory/Library/Application Support/MiKTeX/te
xmfs/install/fonts/type1/public/amsfonts/cm/cmmi7.pfb></Users/cory/Library/Appl
ication Support/MiKTeX/texmfs/install/fonts/type1/public/amsfonts/cm/cmr10.pfb>
</Users/cory/Library/Application Support/MiKTeX/texmfs/install/fonts/type1/publ
ic/amsfonts/cm/cmr5.pfb></Users/cory/Library/Application Support/MiKTeX/texmfs/
install/fonts/type1/public/amsfonts/cm/cmr7.pfb></Users/cory/Library/Applicatio
n Support/MiKTeX/texmfs/install/fonts/type1/public/amsfonts/cm/cmsy10.pfb></Use
rs/cory/Library/Application Support/MiKTeX/texmfs/install/fonts/type1/public/am
sfonts/cm/cmsy5.pfb></Users/cory/Library/Application Support/MiKTeX/texmfs/inst
all/fonts/type1/public/amsfonts/cm/cmsy7.pfb></Users/cory/Library/Application S
upport/MiKTeX/texmfs/install/fonts/type1/public/amsfonts/symbols/msbm10.pfb></U
sers/cory/Library/Application Support/MiKTeX/texmfs/install/fonts/type1/urw/tim
es/utmb8a.pfb></Users/cory/Library/Application Support/MiKTeX/texmfs/install/fo
nts/type1/urw/times/utmr8a.pfb></Users/cory/Library/Application Support/MiKTeX/
texmfs/install/fonts/type1/urw/times/utmri8a.pfb>
Output written on WriteUp.pdf (7 pages, 165724 bytes).
PDF statistics:
 86 PDF objects out of 1000 (max. 8388607)
 0 named destinations out of 1000 (max. 500000)
 13 words of extra memory for PDF output out of 10000 (max. 10000000)

